[0131/210406.948:ERROR:process_memory_win.cc(73)] ReadMemory at 0x7ff70f2a0000 of 64 bytes failed: Only part of a ReadProcessMemory or WriteProcessMemory request was completed. (0x12B)
[0131/210407.090:WARNING:pe_image_reader.cc(340)] could not read dos header from C:\Program Files (x86)\Google\Chrome\Application\chrome.exe
[0131/210407.090:ERROR:process_memory_win.cc(73)] ReadMemory at 0x7ffd1a420000 of 64 bytes failed: Only part of a ReadProcessMemory or WriteProcessMemory request was completed. (0x12B)
[0131/210407.090:WARNING:pe_image_reader.cc(340)] could not read dos header from C:\WINDOWS\SYSTEM32\ntdll.dll
[0131/210407.091:ERROR:process_memory_win.cc(73)] ReadMemory at 0x7ffd19830000 of 64 bytes failed: Only part of a ReadProcessMemory or WriteProcessMemory request was completed. (0x12B)
[0131/210407.092:WARNING:pe_image_reader.cc(340)] could not read dos header from C:\WINDOWS\System32\KERNEL32.DLL
[0131/210407.092:ERROR:process_memory_win.cc(73)] ReadMemory at 0x7ffd17b30000 of 64 bytes failed: Only part of a ReadProcessMemory or WriteProcessMemory request was completed. (0x12B)
[0131/210407.092:WARNING:pe_image_reader.cc(340)] could not read dos header from C:\WINDOWS\System32\KERNELBASE.dll
[0131/210407.092:ERROR:process_memory_win.cc(73)] ReadMemory at 0x7ffce5730000 of 64 bytes failed: Only part of a ReadProcessMemory or WriteProcessMemory request was completed. (0x12B)
[0131/210407.092:WARNING:pe_image_reader.cc(340)] could not read dos header from C:\Program Files (x86)\Google\Chrome\Application\76.0.3809.132\chrome_elf.dll
[0131/210407.092:ERROR:process_memory_win.cc(73)] ReadMemory at 0x7ffd0f320000 of 64 bytes failed: Only part of a ReadProcessMemory or WriteProcessMemory request was completed. (0x12B)
[0131/210407.092:WARNING:pe_image_reader.cc(340)] could not read dos header from C:\WINDOWS\SYSTEM32\VERSION.dll
[0131/210407.092:ERROR:process_memory_win.cc(73)] ReadMemory at 0x7ffd19b90000 of 64 bytes failed: Only part of a ReadProcessMemory or WriteProcessMemory request was completed. (0x12B)
[0131/210407.093:WARNING:pe_image_reader.cc(340)] could not read dos header from C:\WINDOWS\System32\msvcrt.dll
[0131/210407.093:ERROR:process_memory_win.cc(73)] ReadMemory at 0x7ffd17f30000 of 64 bytes failed: Only part of a ReadProcessMemory or WriteProcessMemory request was completed. (0x12B)
[0131/210407.093:WARNING:pe_image_reader.cc(340)] could not read dos header from C:\WINDOWS\System32\bcryptPrimitives.dll
[0131/210407.093:ERROR:process_memory_win.cc(73)] ReadMemory at 0x7ffd1a130000 of 64 bytes failed: Only part of a ReadProcessMemory or WriteProcessMemory request was completed. (0x12B)
[0131/210407.093:WARNING:pe_image_reader.cc(340)] could not read dos header from C:\WINDOWS\System32\ADVAPI32.dll
[0131/210407.093:ERROR:process_memory_win.cc(73)] ReadMemory at 0x7ffd19790000 of 64 bytes failed: Only part of a ReadProcessMemory or WriteProcessMemory request was completed. (0x12B)
[0131/210407.093:WARNING:pe_image_reader.cc(340)] could not read dos header from C:\WINDOWS\System32\sechost.dll
[0131/210407.093:ERROR:process_memory_win.cc(73)] ReadMemory at 0x7ffd1a1e0000 of 64 bytes failed: Only part of a ReadProcessMemory or WriteProcessMemory request was completed. (0x12B)
[0131/210407.093:WARNING:pe_image_reader.cc(340)] could not read dos header from C:\WINDOWS\System32\RPCRT4.dll
[0131/210407.093:ERROR:process_memory_win.cc(73)] ReadMemory at 0x7ffca4310000 of 64 bytes failed: Only part of a ReadProcessMemory or WriteProcessMemory request was completed. (0x12B)
[0131/210407.093:WARNING:pe_image_reader.cc(340)] could not read dos header from C:\Program Files (x86)\Google\Chrome\Application\76.0.3809.132\chrome_child.dll
[0131/210407.093:ERROR:process_memory_win.cc(73)] ReadMemory at 0x7ffd19ac0000 of 64 bytes failed: Only part of a ReadProcessMemory or WriteProcessMemory request was completed. (0x12B)
[0131/210407.093:WARNING:pe_image_reader.cc(340)] could not read dos header from C:\WINDOWS\System32\OLEAUT32.dll
[0131/210407.093:ERROR:process_memory_win.cc(73)] ReadMemory at 0x7ffd18330000 of 64 bytes failed: Only part of a ReadProcessMemory or WriteProcessMemory request was completed. (0x12B)
[0131/210407.094:WARNING:pe_image_reader.cc(340)] could not read dos header from C:\WINDOWS\System32\msvcp_win.dll
[0131/210407.094:ERROR:process_memory_win.cc(73)] ReadMemory at 0x7ffd17fb0000 of 64 bytes failed: Only part of a ReadProcessMemory or WriteProcessMemory request was completed. (0x12B)
[0131/210407.094:WARNING:pe_image_reader.cc(340)] could not read dos header from C:\WINDOWS\System32\ucrtbase.dll
[0131/210407.094:ERROR:process_memory_win.cc(73)] ReadMemory at 0x7ffd184d0000 of 64 bytes failed: Only part of a ReadProcessMemory or WriteProcessMemory request was completed. (0x12B)
[0131/210407.094:WARNING:pe_image_reader.cc(340)] could not read dos header from C:\WINDOWS\System32\combase.dll
[0131/210407.094:ERROR:process_memory_win.cc(73)] ReadMemory at 0x1dff48f0000 of 64 bytes failed: Only part of a ReadProcessMemory or WriteProcessMemory request was completed. (0x12B)
[0131/210407.094:WARNING:pe_image_reader.cc(340)] could not read dos header from C:\WINDOWS\System32\WS2_32.dll
[0131/210407.094:ERROR:process_memory_win.cc(73)] ReadMemory at 0x7ffd19740000 of 64 bytes failed: Only part of a ReadProcessMemory or WriteProcessMemory request was completed. (0x12B)
[0131/210407.094:WARNING:pe_image_reader.cc(340)] could not read dos header from C:\WINDOWS\System32\GDI32.dll
[0131/210407.094:ERROR:process_memory_win.cc(73)] ReadMemory at 0x7ffd183d0000 of 64 bytes failed: Only part of a ReadProcessMemory or WriteProcessMemory request was completed. (0x12B)
[0131/210407.094:WARNING:pe_image_reader.cc(340)] could not read dos header from C:\WINDOWS\System32\win32u.dll
[0131/210407.094:ERROR:process_memory_win.cc(73)] ReadMemory at 0x7ffd180b0000 of 64 bytes failed: Only part of a ReadProcessMemory or WriteProcessMemory request was completed. (0x12B)
[0131/210407.094:WARNING:pe_image_reader.cc(340)] could not read dos header from C:\WINDOWS\System32\gdi32full.dll
[0131/210407.094:ERROR:process_memory_win.cc(73)] ReadMemory at 0x7ffd19d80000 of 64 bytes failed: Only part of a ReadProcessMemory or WriteProcessMemory request was completed. (0x12B)
[0131/210407.094:WARNING:pe_image_reader.cc(340)] could not read dos header from C:\WINDOWS\System32\USER32.dll
[0131/210407.095:ERROR:process_memory_win.cc(73)] ReadMemory at 0x7ffd18400000 of 64 bytes failed: Only part of a ReadProcessMemory or WriteProcessMemory request was completed. (0x12B)
[0131/210407.095:WARNING:pe_image_reader.cc(340)] could not read dos header from C:\WINDOWS\System32\WINTRUST.dll
[0131/210407.095:ERROR:process_memory_win.cc(73)] ReadMemory at 0x7ffd17370000 of 64 bytes failed: Only part of a ReadProcessMemory or WriteProcessMemory request was completed. (0x12B)
[0131/210407.095:WARNING:pe_image_reader.cc(340)] could not read dos header from C:\WINDOWS\System32\MSASN1.dll
[0131/210407.095:ERROR:process_memory_win.cc(73)] ReadMemory at 0x7ffd17de0000 of 64 bytes failed: Only part of a ReadProcessMemory or WriteProcessMemory request was completed. (0x12B)
[0131/210407.095:WARNING:pe_image_reader.cc(340)] could not read dos header from C:\WINDOWS\System32\CRYPT32.dll
[0131/210407.095:ERROR:process_memory_win.cc(73)] ReadMemory at 0x7ffd16810000 of 64 bytes failed: Only part of a ReadProcessMemory or WriteProcessMemory request was completed. (0x12B)
[0131/210407.095:WARNING:pe_image_reader.cc(340)] could not read dos header from C:\WINDOWS\SYSTEM32\IPHLPAPI.DLL
[0131/210407.095:ERROR:process_memory_win.cc(73)] ReadMemory at 0x7ffd0e090000 of 64 bytes failed: Only part of a ReadProcessMemory or WriteProcessMemory request was completed. (0x12B)
[0131/210407.095:WARNING:pe_image_reader.cc(340)] could not read dos header from C:\WINDOWS\SYSTEM32\WINMM.dll
[0131/210407.095:ERROR:process_memory_win.cc(73)] ReadMemory at 0x7ffd171e0000 of 64 bytes failed: Only part of a ReadProcessMemory or WriteProcessMemory request was completed. (0x12B)
[0131/210407.095:WARNING:pe_image_reader.cc(340)] could not read dos header from C:\WINDOWS\SYSTEM32\USERENV.dll
[0131/210407.096:ERROR:process_memory_win.cc(73)] ReadMemory at 0x7ffd17300000 of 64 bytes failed: Only part of a ReadProcessMemory or WriteProcessMemory request was completed. (0x12B)
[0131/210407.096:WARNING:pe_image_reader.cc(340)] could not read dos header from C:\WINDOWS\System32\profapi.dll
[0131/210407.096:ERROR:process_memory_win.cc(73)] ReadMemory at 0x7ffcf7e60000 of 64 bytes failed: Only part of a ReadProcessMemory or WriteProcessMemory request was completed. (0x12B)
[0131/210407.096:WARNING:pe_image_reader.cc(340)] could not read dos header from C:\WINDOWS\SYSTEM32\DWrite.dll
[0131/210407.096:ERROR:process_memory_win.cc(73)] ReadMemory at 0x7ffcf3a40000 of 64 bytes failed: Only part of a ReadProcessMemory or WriteProcessMemory request was completed. (0x12B)
[0131/210407.096:WARNING:pe_image_reader.cc(340)] could not read dos header from C:\WINDOWS\SYSTEM32\WINSPOOL.DRV
[0131/210407.096:ERROR:process_memory_win.cc(73)] ReadMemory at 0x7ffd17390000 of 64 bytes failed: Only part of a ReadProcessMemory or WriteProcessMemory request was completed. (0x12B)
[0131/210407.096:WARNING:pe_image_reader.cc(340)] could not read dos header from C:\WINDOWS\System32\kernel.appcore.dll
[0131/210407.096:ERROR:process_memory_win.cc(73)] ReadMemory at 0x7ffd18250000 of 64 bytes failed: Only part of a ReadProcessMemory or WriteProcessMemory request was completed. (0x12B)
[0131/210407.096:WARNING:pe_image_reader.cc(340)] could not read dos header from C:\WINDOWS\System32\bcrypt.dll
[0131/210407.096:ERROR:process_memory_win.cc(73)] ReadMemory at 0x7ffd15bd0000 of 64 bytes failed: Only part of a ReadProcessMemory or WriteProcessMemory request was completed. (0x12B)
[0131/210407.096:WARNING:pe_image_reader.cc(340)] could not read dos header from C:\WINDOWS\SYSTEM32\dbghelp.dll
[0131/210407.096:ERROR:process_memory_win.cc(73)] ReadMemory at 0x7ffd0f330000 of 64 bytes failed: Only part of a ReadProcessMemory or WriteProcessMemory request was completed. (0x12B)
[0131/210407.096:WARNING:pe_image_reader.cc(340)] could not read dos header from C:\WINDOWS\SYSTEM32\WINHTTP.dll
[0131/210407.096:ERROR:process_memory_win.cc(73)] ReadMemory at 0x7ffd0a450000 of 64 bytes failed: Only part of a ReadProcessMemory or WriteProcessMemory request was completed. (0x12B)
[0131/210407.096:WARNING:pe_image_reader.cc(340)] could not read dos header from C:\WINDOWS\SYSTEM32\Secur32.dll
[0131/210407.097:ERROR:process_memory_win.cc(73)] ReadMemory at 0x7ffd0fe70000 of 64 bytes failed: Only part of a ReadProcessMemory or WriteProcessMemory request was completed. (0x12B)
[0131/210407.097:WARNING:pe_image_reader.cc(340)] could not read dos header from C:\WINDOWS\SYSTEM32\dhcpcsvc.DLL
[0131/210407.097:ERROR:process_memory_win.cc(73)] ReadMemory at 0x7ffd19070000 of 64 bytes failed: Only part of a ReadProcessMemory or WriteProcessMemory request was completed. (0x12B)
[0131/210407.097:WARNING:pe_image_reader.cc(340)] could not read dos header from C:\WINDOWS\System32\NSI.dll
[0131/210407.097:ERROR:process_memory_win.cc(73)] ReadMemory at 0x7ffd0e060000 of 64 bytes failed: Only part of a ReadProcessMemory or WriteProcessMemory request was completed. (0x12B)
[0131/210407.097:WARNING:pe_image_reader.cc(340)] could not read dos header from C:\WINDOWS\SYSTEM32\WINMMBASE.dll
[0131/210407.097:ERROR:process_memory_win.cc(73)] ReadMemory at 0x7ffd18480000 of 64 bytes failed: Only part of a ReadProcessMemory or WriteProcessMemory request was completed. (0x12B)
[0131/210407.097:WARNING:pe_image_reader.cc(340)] could not read dos header from C:\WINDOWS\System32\cfgmgr32.dll
[0131/210407.097:ERROR:process_memory_win.cc(73)] ReadMemory at 0x7ffd150d0000 of 64 bytes failed: Only part of a ReadProcessMemory or WriteProcessMemory request was completed. (0x12B)
[0131/210407.097:WARNING:pe_image_reader.cc(340)] could not read dos header from C:\WINDOWS\SYSTEM32\PROPSYS.dll
[0131/210407.097:ERROR:process_memory_win.cc(73)] ReadMemory at 0x7ffd19c30000 of 64 bytes failed: Only part of a ReadProcessMemory or WriteProcessMemory request was completed. (0x12B)
[0131/210407.097:WARNING:pe_image_reader.cc(340)] could not read dos header from C:\WINDOWS\System32\shcore.dll
[0131/210407.097:ERROR:process_memory_win.cc(73)] ReadMemory at 0x7ffd17210000 of 64 bytes failed: Only part of a ReadProcessMemory or WriteProcessMemory request was completed. (0x12B)
[0131/210407.097:WARNING:pe_image_reader.cc(340)] could not read dos header from C:\WINDOWS\SYSTEM32\SSPICLI.DLL
[0131/210407.098:ERROR:process_memory_win.cc(73)] ReadMemory at 0x7ffd19040000 of 64 bytes failed: Only part of a ReadProcessMemory or WriteProcessMemory request was completed. (0x12B)
[0131/210407.098:WARNING:pe_image_reader.cc(340)] could not read dos header from C:\WINDOWS\System32\IMM32.DLL
[0131/210407.098:ERROR:process_memory_win.cc(73)] ReadMemory at 0x7ffd16cd0000 of 64 bytes failed: Only part of a ReadProcessMemory or WriteProcessMemory request was completed. (0x12B)
[0131/210407.098:WARNING:pe_image_reader.cc(340)] could not read dos header from C:\WINDOWS\SYSTEM32\CRYPTBASE.DLL
[0131/210407.098:ERROR:process_memory_win.cc(73)] ReadMemory at 0x7ff70f2a0000 of 64 bytes failed: Only part of a ReadProcessMemory or WriteProcessMemory request was completed. (0x12B)
[0131/210407.098:WARNING:pe_image_reader.cc(340)] could not read dos header from C:\Program Files (x86)\Google\Chrome\Application\chrome.exe
[0131/210407.098:ERROR:process_memory_win.cc(73)] ReadMemory at 0x7ffd1a420000 of 64 bytes failed: Only part of a ReadProcessMemory or WriteProcessMemory request was completed. (0x12B)
[0131/210407.098:WARNING:pe_image_reader.cc(340)] could not read dos header from C:\WINDOWS\SYSTEM32\ntdll.dll
[0131/210407.098:ERROR:process_memory_win.cc(73)] ReadMemory at 0x7ffd19830000 of 64 bytes failed: Only part of a ReadProcessMemory or WriteProcessMemory request was completed. (0x12B)
[0131/210407.098:WARNING:pe_image_reader.cc(340)] could not read dos header from C:\WINDOWS\System32\KERNEL32.DLL
[0131/210407.098:ERROR:process_memory_win.cc(73)] ReadMemory at 0x7ffd17b30000 of 64 bytes failed: Only part of a ReadProcessMemory or WriteProcessMemory request was completed. (0x12B)
[0131/210407.098:WARNING:pe_image_reader.cc(340)] could not read dos header from C:\WINDOWS\System32\KERNELBASE.dll
[0131/210407.098:ERROR:process_memory_win.cc(73)] ReadMemory at 0x7ffce5730000 of 64 bytes failed: Only part of a ReadProcessMemory or WriteProcessMemory request was completed. (0x12B)
[0131/210407.098:WARNING:pe_image_reader.cc(340)] could not read dos header from C:\Program Files (x86)\Google\Chrome\Application\76.0.3809.132\chrome_elf.dll
[0131/210407.098:ERROR:process_memory_win.cc(73)] ReadMemory at 0x7ffd0f320000 of 64 bytes failed: Only part of a ReadProcessMemory or WriteProcessMemory request was completed. (0x12B)
[0131/210407.099:WARNING:pe_image_reader.cc(340)] could not read dos header from C:\WINDOWS\SYSTEM32\VERSION.dll
[0131/210407.099:ERROR:process_memory_win.cc(73)] ReadMemory at 0x7ffd19b90000 of 64 bytes failed: Only part of a ReadProcessMemory or WriteProcessMemory request was completed. (0x12B)
[0131/210407.099:WARNING:pe_image_reader.cc(340)] could not read dos header from C:\WINDOWS\System32\msvcrt.dll
[0131/210407.099:ERROR:process_memory_win.cc(73)] ReadMemory at 0x7ffd17f30000 of 64 bytes failed: Only part of a ReadProcessMemory or WriteProcessMemory request was completed. (0x12B)
[0131/210407.099:WARNING:pe_image_reader.cc(340)] could not read dos header from C:\WINDOWS\System32\bcryptPrimitives.dll
[0131/210407.099:ERROR:process_memory_win.cc(73)] ReadMemory at 0x7ffd1a130000 of 64 bytes failed: Only part of a ReadProcessMemory or WriteProcessMemory request was completed. (0x12B)
[0131/210407.099:WARNING:pe_image_reader.cc(340)] could not read dos header from C:\WINDOWS\System32\ADVAPI32.dll
[0131/210407.099:ERROR:process_memory_win.cc(73)] ReadMemory at 0x7ffd19790000 of 64 bytes failed: Only part of a ReadProcessMemory or WriteProcessMemory request was completed. (0x12B)
[0131/210407.099:WARNING:pe_image_reader.cc(340)] could not read dos header from C:\WINDOWS\System32\sechost.dll
[0131/210407.099:ERROR:process_memory_win.cc(73)] ReadMemory at 0x7ffd1a1e0000 of 64 bytes failed: Only part of a ReadProcessMemory or WriteProcessMemory request was completed. (0x12B)
[0131/210407.139:WARNING:pe_image_reader.cc(340)] could not read dos header from C:\WINDOWS\System32\RPCRT4.dll
[0131/210407.140:ERROR:process_memory_win.cc(73)] ReadMemory at 0x7ffca4310000 of 64 bytes failed: Only part of a ReadProcessMemory or WriteProcessMemory request was completed. (0x12B)
[0131/210407.140:WARNING:pe_image_reader.cc(340)] could not read dos header from C:\Program Files (x86)\Google\Chrome\Application\76.0.3809.132\chrome_child.dll
[0131/210407.140:ERROR:process_memory_win.cc(73)] ReadMemory at 0x7ffd19ac0000 of 64 bytes failed: Only part of a ReadProcessMemory or WriteProcessMemory request was completed. (0x12B)
[0131/210407.140:WARNING:pe_image_reader.cc(340)] could not read dos header from C:\WINDOWS\System32\OLEAUT32.dll
[0131/210407.140:ERROR:process_memory_win.cc(73)] ReadMemory at 0x7ffd18330000 of 64 bytes failed: Only part of a ReadProcessMemory or WriteProcessMemory request was completed. (0x12B)
[0131/210407.140:WARNING:pe_image_reader.cc(340)] could not read dos header from C:\WINDOWS\System32\msvcp_win.dll
[0131/210407.141:ERROR:process_memory_win.cc(73)] ReadMemory at 0x7ffd17fb0000 of 64 bytes failed: Only part of a ReadProcessMemory or WriteProcessMemory request was completed. (0x12B)
[0131/210407.141:WARNING:pe_image_reader.cc(340)] could not read dos header from C:\WINDOWS\System32\ucrtbase.dll
[0131/210407.141:ERROR:process_memory_win.cc(73)] ReadMemory at 0x7ffd184d0000 of 64 bytes failed: Only part of a ReadProcessMemory or WriteProcessMemory request was completed. (0x12B)
[0131/210407.141:WARNING:pe_image_reader.cc(340)] could not read dos header from C:\WINDOWS\System32\combase.dll
[0131/210407.141:ERROR:process_memory_win.cc(73)] ReadMemory at 0x1dff48f0000 of 64 bytes failed: Only part of a ReadProcessMemory or WriteProcessMemory request was completed. (0x12B)
[0131/210407.141:WARNING:pe_image_reader.cc(340)] could not read dos header from C:\WINDOWS\System32\WS2_32.dll
[0131/210407.141:ERROR:process_memory_win.cc(73)] ReadMemory at 0x7ffd19740000 of 64 bytes failed: Only part of a ReadProcessMemory or WriteProcessMemory request was completed. (0x12B)
[0131/210407.141:WARNING:pe_image_reader.cc(340)] could not read dos header from C:\WINDOWS\System32\GDI32.dll
[0131/210407.141:ERROR:process_memory_win.cc(73)] ReadMemory at 0x7ffd183d0000 of 64 bytes failed: Only part of a ReadProcessMemory or WriteProcessMemory request was completed. (0x12B)
[0131/210407.141:WARNING:pe_image_reader.cc(340)] could not read dos header from C:\WINDOWS\System32\win32u.dll
[0131/210407.142:ERROR:process_memory_win.cc(73)] ReadMemory at 0x7ffd180b0000 of 64 bytes failed: Only part of a ReadProcessMemory or WriteProcessMemory request was completed. (0x12B)
[0131/210407.142:WARNING:pe_image_reader.cc(340)] could not read dos header from C:\WINDOWS\System32\gdi32full.dll
[0131/210407.142:ERROR:process_memory_win.cc(73)] ReadMemory at 0x7ffd19d80000 of 64 bytes failed: Only part of a ReadProcessMemory or WriteProcessMemory request was completed. (0x12B)
[0131/210407.142:WARNING:pe_image_reader.cc(340)] could not read dos header from C:\WINDOWS\System32\USER32.dll
[0131/210407.142:ERROR:process_memory_win.cc(73)] ReadMemory at 0x7ffd18400000 of 64 bytes failed: Only part of a ReadProcessMemory or WriteProcessMemory request was completed. (0x12B)
[0131/210407.142:WARNING:pe_image_reader.cc(340)] could not read dos header from C:\WINDOWS\System32\WINTRUST.dll
[0131/210407.142:ERROR:process_memory_win.cc(73)] ReadMemory at 0x7ffd17370000 of 64 bytes failed: Only part of a ReadProcessMemory or WriteProcessMemory request was completed. (0x12B)
[0131/210407.142:WARNING:pe_image_reader.cc(340)] could not read dos header from C:\WINDOWS\System32\MSASN1.dll
[0131/210407.142:ERROR:process_memory_win.cc(73)] ReadMemory at 0x7ffd17de0000 of 64 bytes failed: Only part of a ReadProcessMemory or WriteProcessMemory request was completed. (0x12B)
[0131/210407.142:WARNING:pe_image_reader.cc(340)] could not read dos header from C:\WINDOWS\System32\CRYPT32.dll
[0131/210407.142:ERROR:process_memory_win.cc(73)] ReadMemory at 0x7ffd16810000 of 64 bytes failed: Only part of a ReadProcessMemory or WriteProcessMemory request was completed. (0x12B)
[0131/210407.142:WARNING:pe_image_reader.cc(340)] could not read dos header from C:\WINDOWS\SYSTEM32\IPHLPAPI.DLL
[0131/210407.142:ERROR:process_memory_win.cc(73)] ReadMemory at 0x7ffd0e090000 of 64 bytes failed: Only part of a ReadProcessMemory or WriteProcessMemory request was completed. (0x12B)
[0131/210407.142:WARNING:pe_image_reader.cc(340)] could not read dos header from C:\WINDOWS\SYSTEM32\WINMM.dll
[0131/210407.142:ERROR:process_memory_win.cc(73)] ReadMemory at 0x7ffd171e0000 of 64 bytes failed: Only part of a ReadProcessMemory or WriteProcessMemory request was completed. (0x12B)
[0131/210407.142:WARNING:pe_image_reader.cc(340)] could not read dos header from C:\WINDOWS\SYSTEM32\USERENV.dll
[0131/210407.142:ERROR:process_memory_win.cc(73)] ReadMemory at 0x7ffd17300000 of 64 bytes failed: Only part of a ReadProcessMemory or WriteProcessMemory request was completed. (0x12B)
[0131/210407.142:WARNING:pe_image_reader.cc(340)] could not read dos header from C:\WINDOWS\System32\profapi.dll
[0131/210407.142:ERROR:process_memory_win.cc(73)] ReadMemory at 0x7ffcf7e60000 of 64 bytes failed: Only part of a ReadProcessMemory or WriteProcessMemory request was completed. (0x12B)
[0131/210407.142:WARNING:pe_image_reader.cc(340)] could not read dos header from C:\WINDOWS\SYSTEM32\DWrite.dll
[0131/210407.142:ERROR:process_memory_win.cc(73)] ReadMemory at 0x7ffcf3a40000 of 64 bytes failed: Only part of a ReadProcessMemory or WriteProcessMemory request was completed. (0x12B)
[0131/210407.142:WARNING:pe_image_reader.cc(340)] could not read dos header from C:\WINDOWS\SYSTEM32\WINSPOOL.DRV
[0131/210407.142:ERROR:process_memory_win.cc(73)] ReadMemory at 0x7ffd17390000 of 64 bytes failed: Only part of a ReadProcessMemory or WriteProcessMemory request was completed. (0x12B)
[0131/210407.142:WARNING:pe_image_reader.cc(340)] could not read dos header from C:\WINDOWS\System32\kernel.appcore.dll
[0131/210407.142:ERROR:process_memory_win.cc(73)] ReadMemory at 0x7ffd18250000 of 64 bytes failed: Only part of a ReadProcessMemory or WriteProcessMemory request was completed. (0x12B)
[0131/210407.142:WARNING:pe_image_reader.cc(340)] could not read dos header from C:\WINDOWS\System32\bcrypt.dll
[0131/210407.143:ERROR:process_memory_win.cc(73)] ReadMemory at 0x7ffd15bd0000 of 64 bytes failed: Only part of a ReadProcessMemory or WriteProcessMemory request was completed. (0x12B)
[0131/210407.143:WARNING:pe_image_reader.cc(340)] could not read dos header from C:\WINDOWS\SYSTEM32\dbghelp.dll
[0131/210407.143:ERROR:process_memory_win.cc(73)] ReadMemory at 0x7ffd0f330000 of 64 bytes failed: Only part of a ReadProcessMemory or WriteProcessMemory request was completed. (0x12B)
[0131/210407.143:WARNING:pe_image_reader.cc(340)] could not read dos header from C:\WINDOWS\SYSTEM32\WINHTTP.dll
[0131/210407.143:ERROR:process_memory_win.cc(73)] ReadMemory at 0x7ffd0a450000 of 64 bytes failed: Only part of a ReadProcessMemory or WriteProcessMemory request was completed. (0x12B)
[0131/210407.143:WARNING:pe_image_reader.cc(340)] could not read dos header from C:\WINDOWS\SYSTEM32\Secur32.dll
[0131/210407.143:ERROR:process_memory_win.cc(73)] ReadMemory at 0x7ffd0fe70000 of 64 bytes failed: Only part of a ReadProcessMemory or WriteProcessMemory request was completed. (0x12B)
[0131/210407.143:WARNING:pe_image_reader.cc(340)] could not read dos header from C:\WINDOWS\SYSTEM32\dhcpcsvc.DLL
[0131/210407.143:ERROR:process_memory_win.cc(73)] ReadMemory at 0x7ffd19070000 of 64 bytes failed: Only part of a ReadProcessMemory or WriteProcessMemory request was completed. (0x12B)
[0131/210407.143:WARNING:pe_image_reader.cc(340)] could not read dos header from C:\WINDOWS\System32\NSI.dll
[0131/210407.143:ERROR:process_memory_win.cc(73)] ReadMemory at 0x7ffd0e060000 of 64 bytes failed: Only part of a ReadProcessMemory or WriteProcessMemory request was completed. (0x12B)
[0131/210407.143:WARNING:pe_image_reader.cc(340)] could not read dos header from C:\WINDOWS\SYSTEM32\WINMMBASE.dll
[0131/210407.143:ERROR:process_memory_win.cc(73)] ReadMemory at 0x7ffd18480000 of 64 bytes failed: Only part of a ReadProcessMemory or WriteProcessMemory request was completed. (0x12B)
[0131/210407.143:WARNING:pe_image_reader.cc(340)] could not read dos header from C:\WINDOWS\System32\cfgmgr32.dll
[0131/210407.143:ERROR:process_memory_win.cc(73)] ReadMemory at 0x7ffd150d0000 of 64 bytes failed: Only part of a ReadProcessMemory or WriteProcessMemory request was completed. (0x12B)
[0131/210407.143:WARNING:pe_image_reader.cc(340)] could not read dos header from C:\WINDOWS\SYSTEM32\PROPSYS.dll
[0131/210407.144:ERROR:process_memory_win.cc(73)] ReadMemory at 0x7ffd19c30000 of 64 bytes failed: Only part of a ReadProcessMemory or WriteProcessMemory request was completed. (0x12B)
[0131/210407.144:WARNING:pe_image_reader.cc(340)] could not read dos header from C:\WINDOWS\System32\shcore.dll
[0131/210407.144:ERROR:process_memory_win.cc(73)] ReadMemory at 0x7ffd17210000 of 64 bytes failed: Only part of a ReadProcessMemory or WriteProcessMemory request was completed. (0x12B)
[0131/210407.144:WARNING:pe_image_reader.cc(340)] could not read dos header from C:\WINDOWS\SYSTEM32\SSPICLI.DLL
[0131/210407.144:ERROR:process_memory_win.cc(73)] ReadMemory at 0x7ffd19040000 of 64 bytes failed: Only part of a ReadProcessMemory or WriteProcessMemory request was completed. (0x12B)
[0131/210407.144:WARNING:pe_image_reader.cc(340)] could not read dos header from C:\WINDOWS\System32\IMM32.DLL
[0131/210407.144:ERROR:process_memory_win.cc(73)] ReadMemory at 0x7ffd16cd0000 of 64 bytes failed: Only part of a ReadProcessMemory or WriteProcessMemory request was completed. (0x12B)
[0131/210407.144:WARNING:pe_image_reader.cc(340)] could not read dos header from C:\WINDOWS\SYSTEM32\CRYPTBASE.DLL
[0131/210407.443:ERROR:process_memory_win.cc(73)] ReadMemory at 0x4e66bf0000 of 65536 bytes failed: Only part of a ReadProcessMemory or WriteProcessMemory request was completed. (0x12B)
[0131/210407.444:ERROR:process_memory_win.cc(73)] ReadMemory at 0x4e66dfd000 of 12288 bytes failed: Only part of a ReadProcessMemory or WriteProcessMemory request was completed. (0x12B)
[0131/210407.447:ERROR:process_memory_win.cc(73)] ReadMemory at 0x4e671fc000 of 16384 bytes failed: Only part of a ReadProcessMemory or WriteProcessMemory request was completed. (0x12B)
[0131/210407.447:ERROR:process_memory_win.cc(73)] ReadMemory at 0x4e673fb000 of 20480 bytes failed: Only part of a ReadProcessMemory or WriteProcessMemory request was completed. (0x12B)
[0131/210407.447:ERROR:process_memory_win.cc(73)] ReadMemory at 0x4e675ff000 of 4096 bytes failed: Only part of a ReadProcessMemory or WriteProcessMemory request was completed. (0x12B)
[0131/210407.448:ERROR:process_memory_win.cc(73)] ReadMemory at 0x4e677fd000 of 12288 bytes failed: Only part of a ReadProcessMemory or WriteProcessMemory request was completed. (0x12B)
[0131/210407.448:ERROR:process_memory_win.cc(73)] ReadMemory at 0x4e679fb000 of 20480 bytes failed: Only part of a ReadProcessMemory or WriteProcessMemory request was completed. (0x12B)
[0131/210407.448:ERROR:process_memory_win.cc(73)] ReadMemory at 0x4e67bf9000 of 28672 bytes failed: Only part of a ReadProcessMemory or WriteProcessMemory request was completed. (0x12B)
[0131/210407.448:ERROR:process_memory_win.cc(73)] ReadMemory at 0x4e67dfa000 of 24576 bytes failed: Only part of a ReadProcessMemory or WriteProcessMemory request was completed. (0x12B)
[0131/210407.449:ERROR:process_memory_win.cc(73)] ReadMemory at 0x4e67ffa000 of 24576 bytes failed: Only part of a ReadProcessMemory or WriteProcessMemory request was completed. (0x12B)
[0131/210407.449:ERROR:process_memory_win.cc(73)] ReadMemory at 0x4e685fd000 of 12288 bytes failed: Only part of a ReadProcessMemory or WriteProcessMemory request was completed. (0x12B)
[0131/210407.449:ERROR:process_memory_win.cc(73)] ReadMemory at 0x4e66ff7000 of 36864 bytes failed: Only part of a ReadProcessMemory or WriteProcessMemory request was completed. (0x12B)
[0131/210407.450:ERROR:process_memory_win.cc(73)] ReadMemory at 0x4e683f7000 of 36864 bytes failed: Only part of a ReadProcessMemory or WriteProcessMemory request was completed. (0x12B)
[0131/210407.450:ERROR:process_memory_win.cc(73)] ReadMemory at 0x4e681fc000 of 16384 bytes failed: Only part of a ReadProcessMemory or WriteProcessMemory request was completed. (0x12B)
[0131/210407.450:ERROR:process_memory_win.cc(73)] ReadMemory at 0x4e687fe000 of 8192 bytes failed: Only part of a ReadProcessMemory or WriteProcessMemory request was completed. (0x12B)
[0131/210407.450:ERROR:process_memory_win.cc(73)] ReadMemory at 0x4e66812000 of 6024 bytes failed: Only part of a ReadProcessMemory or WriteProcessMemory request was completed. (0x12B)
[0131/210407.464:ERROR:process_memory_win.cc(73)] ReadMemory at 0x4e66816000 of 6024 bytes failed: Only part of a ReadProcessMemory or WriteProcessMemory request was completed. (0x12B)
[0131/210407.464:ERROR:process_memory_win.cc(73)] ReadMemory at 0x4e66818000 of 6024 bytes failed: Only part of a ReadProcessMemory or WriteProcessMemory request was completed. (0x12B)
[0131/210407.464:ERROR:process_memory_win.cc(73)] ReadMemory at 0x4e6681a000 of 6024 bytes failed: Only part of a ReadProcessMemory or WriteProcessMemory request was completed. (0x12B)
[0131/210407.465:ERROR:process_memory_win.cc(73)] ReadMemory at 0x4e66966000 of 852 bytes failed: Only part of a ReadProcessMemory or WriteProcessMemory request was completed. (0x12B)
[0131/210407.466:ERROR:process_memory_win.cc(73)] ReadMemory at 0x4e66967000 of 6024 bytes failed: Only part of a ReadProcessMemory or WriteProcessMemory request was completed. (0x12B)
[0131/210407.466:ERROR:process_memory_win.cc(73)] ReadMemory at 0x4e66969000 of 6024 bytes failed: Only part of a ReadProcessMemory or WriteProcessMemory request was completed. (0x12B)
[0131/210407.468:ERROR:process_memory_win.cc(73)] ReadMemory at 0x4e6696d000 of 6024 bytes failed: Only part of a ReadProcessMemory or WriteProcessMemory request was completed. (0x12B)
[0131/210407.469:ERROR:process_memory_win.cc(73)] ReadMemory at 0x4e6696f000 of 6024 bytes failed: Only part of a ReadProcessMemory or WriteProcessMemory request was completed. (0x12B)
[0131/210407.470:ERROR:process_memory_win.cc(73)] ReadMemory at 0x4e66971000 of 6024 bytes failed: Only part of a ReadProcessMemory or WriteProcessMemory request was completed. (0x12B)
[0131/210407.470:ERROR:process_memory_win.cc(73)] ReadMemory at 0x4e66973000 of 6024 bytes failed: Only part of a ReadProcessMemory or WriteProcessMemory request was completed. (0x12B)
[0131/210407.470:ERROR:process_memory_win.cc(73)] ReadMemory at 0x4e66975000 of 6024 bytes failed: Only part of a ReadProcessMemory or WriteProcessMemory request was completed. (0x12B)
[0131/210407.470:ERROR:process_memory_win.cc(73)] ReadMemory at 0x4e66977000 of 6024 bytes failed: Only part of a ReadProcessMemory or WriteProcessMemory request was completed. (0x12B)
[0131/210407.470:ERROR:process_memory_win.cc(73)] ReadMemory at 0x4e66979000 of 6024 bytes failed: Only part of a ReadProcessMemory or WriteProcessMemory request was completed. (0x12B)
[0131/210407.470:ERROR:process_memory_win.cc(73)] ReadMemory at 0x4e6697b000 of 6024 bytes failed: Only part of a ReadProcessMemory or WriteProcessMemory request was completed. (0x12B)
[0131/210407.471:ERROR:process_memory_win.cc(73)] ReadMemory at 0x4e66985000 of 6024 bytes failed: Only part of a ReadProcessMemory or WriteProcessMemory request was completed. (0x12B)
[0131/210407.471:ERROR:process_memory_win.cc(73)] ReadMemory at 0x1df80969b60 of 512 bytes failed: Only part of a ReadProcessMemory or WriteProcessMemory request was completed. (0x12B)
[0131/210407.471:ERROR:process_memory_win.cc(73)] ReadMemory at 0x1df89ec0120 of 512 bytes failed: Only part of a ReadProcessMemory or WriteProcessMemory request was completed. (0x12B)
[0131/210407.471:ERROR:process_memory_win.cc(73)] ReadMemory at 0x1dff47e0fe0 of 13446 bytes failed: Only part of a ReadProcessMemory or WriteProcessMemory request was completed. (0x12B)
[0131/210407.471:ERROR:process_memory_win.cc(73)] ReadMemory at 0x1dff47e4470 of 1012 bytes failed: Only part of a ReadProcessMemory or WriteProcessMemory request was completed. (0x12B)
[0131/210407.472:ERROR:process_memory_win.cc(73)] ReadMemory at 0x1dff47e4ab8 of 118 bytes failed: Only part of a ReadProcessMemory or WriteProcessMemory request was completed. (0x12B)
[0131/210407.472:ERROR:process_memory_win.cc(73)] ReadMemory at 0x1dff47e4b30 of 848 bytes failed: Only part of a ReadProcessMemory or WriteProcessMemory request was completed. (0x12B)
[0131/210407.472:ERROR:process_memory_win.cc(73)] ReadMemory at 0x1dff47e4e82 of 118 bytes failed: Only part of a ReadProcessMemory or WriteProcessMemory request was completed. (0x12B)
[0131/210407.472:ERROR:process_memory_win.cc(73)] ReadMemory at 0x1dff47e4efa of 102 bytes failed: Only part of a ReadProcessMemory or WriteProcessMemory request was completed. (0x12B)
[0131/210407.472:ERROR:process_memory_win.cc(73)] ReadMemory at 0x1dff47e4f70 of 58 bytes failed: Only part of a ReadProcessMemory or WriteProcessMemory request was completed. (0x12B)
[0131/210407.531:ERROR:process_memory_win.cc(73)] ReadMemory at 0x1dff47e5070 of 132 bytes failed: Only part of a ReadProcessMemory or WriteProcessMemory request was completed. (0x12B)
[0131/210407.537:ERROR:process_memory_win.cc(73)] ReadMemory at 0x1dff47e5200 of 132 bytes failed: Only part of a ReadProcessMemory or WriteProcessMemory request was completed. (0x12B)
[0131/210407.538:ERROR:process_memory_win.cc(73)] ReadMemory at 0x1dff47e53c0 of 126 bytes failed: Only part of a ReadProcessMemory or WriteProcessMemory request was completed. (0x12B)
[0131/210407.538:ERROR:process_memory_win.cc(73)] ReadMemory at 0x1dff47e57a0 of 132 bytes failed: Only part of a ReadProcessMemory or WriteProcessMemory request was completed. (0x12B)
[0131/210407.538:ERROR:process_memory_win.cc(73)] ReadMemory at 0x1dff47e5930 of 64 bytes failed: Only part of a ReadProcessMemory or WriteProcessMemory request was completed. (0x12B)
[0131/210407.539:ERROR:process_memory_win.cc(73)] ReadMemory at 0x1dff47e5af0 of 132 bytes failed: Only part of a ReadProcessMemory or WriteProcessMemory request was completed. (0x12B)
[0131/210407.540:ERROR:process_memory_win.cc(73)] ReadMemory at 0x1dff47e5d90 of 132 bytes failed: Only part of a ReadProcessMemory or WriteProcessMemory request was completed. (0x12B)
[0131/210407.541:ERROR:process_memory_win.cc(73)] ReadMemory at 0x1dff47e5f20 of 68 bytes failed: Only part of a ReadProcessMemory or WriteProcessMemory request was completed. (0x12B)
[0131/210407.541:ERROR:process_memory_win.cc(73)] ReadMemory at 0x1dff47ea810 of 132 bytes failed: Only part of a ReadProcessMemory or WriteProcessMemory request was completed. (0x12B)
[0131/210407.541:ERROR:process_memory_win.cc(73)] ReadMemory at 0x1dff47ea9a0 of 154 bytes failed: Only part of a ReadProcessMemory or WriteProcessMemory request was completed. (0x12B)
[0131/210407.541:ERROR:process_memory_win.cc(73)] ReadMemory at 0x1dff47ebf60 of 512 bytes failed: Only part of a ReadProcessMemory or WriteProcessMemory request was completed. (0x12B)
[0131/210407.541:ERROR:process_memory_win.cc(73)] ReadMemory at 0x1dff47ed910 of 158 bytes failed: Only part of a ReadProcessMemory or WriteProcessMemory request was completed. (0x12B)
[0131/210407.541:ERROR:process_memory_win.cc(73)] ReadMemory at 0x1dff47ed9d0 of 62 bytes failed: Only part of a ReadProcessMemory or WriteProcessMemory request was completed. (0x12B)
[0131/210407.541:ERROR:process_memory_win.cc(73)] ReadMemory at 0x1dff47edb00 of 132 bytes failed: Only part of a ReadProcessMemory or WriteProcessMemory request was completed. (0x12B)
[0131/210407.541:ERROR:process_memory_win.cc(73)] ReadMemory at 0x1dff47edc90 of 60 bytes failed: Only part of a ReadProcessMemory or WriteProcessMemory request was completed. (0x12B)
[0131/210407.541:ERROR:process_memory_win.cc(73)] ReadMemory at 0x1dff47edf90 of 132 bytes failed: Only part of a ReadProcessMemory or WriteProcessMemory request was completed. (0x12B)
[0131/210407.541:ERROR:process_memory_win.cc(73)] ReadMemory at 0x1dff47ee120 of 80 bytes failed: Only part of a ReadProcessMemory or WriteProcessMemory request was completed. (0x12B)
[0131/210407.541:ERROR:process_memory_win.cc(73)] ReadMemory at 0x1dff47ee240 of 62 bytes failed: Only part of a ReadProcessMemory or WriteProcessMemory request was completed. (0x12B)
[0131/210407.542:ERROR:process_memory_win.cc(73)] ReadMemory at 0x1dff47ee3d0 of 62 bytes failed: Only part of a ReadProcessMemory or WriteProcessMemory request was completed. (0x12B)
[0131/210407.542:ERROR:process_memory_win.cc(73)] ReadMemory at 0x1dff47ee470 of 64 bytes failed: Only part of a ReadProcessMemory or WriteProcessMemory request was completed. (0x12B)
[0131/210407.542:ERROR:process_memory_win.cc(73)] ReadMemory at 0x1dff47ee5b0 of 60 bytes failed: Only part of a ReadProcessMemory or WriteProcessMemory request was completed. (0x12B)
[0131/210407.542:ERROR:process_memory_win.cc(73)] ReadMemory at 0x1dff47ee790 of 64 bytes failed: Only part of a ReadProcessMemory or WriteProcessMemory request was completed. (0x12B)
[0131/210407.542:ERROR:process_memory_win.cc(73)] ReadMemory at 0x1dff47ee830 of 66 bytes failed: Only part of a ReadProcessMemory or WriteProcessMemory request was completed. (0x12B)
[0131/210407.542:ERROR:process_memory_win.cc(73)] ReadMemory at 0x1dff47ee880 of 64 bytes failed: Only part of a ReadProcessMemory or WriteProcessMemory request was completed. (0x12B)
[0131/210407.542:ERROR:process_memory_win.cc(73)] ReadMemory at 0x1dff47ee8d0 of 60 bytes failed: Only part of a ReadProcessMemory or WriteProcessMemory request was completed. (0x12B)
[0131/210407.542:ERROR:process_memory_win.cc(73)] ReadMemory at 0x1dff47ee920 of 58 bytes failed: Only part of a ReadProcessMemory or WriteProcessMemory request was completed. (0x12B)
[0131/210407.543:ERROR:process_memory_win.cc(73)] ReadMemory at 0x1dff47eee60 of 132 bytes failed: Only part of a ReadProcessMemory or WriteProcessMemory request was completed. (0x12B)
[0131/210407.543:ERROR:process_memory_win.cc(73)] ReadMemory at 0x1dff47eef90 of 132 bytes failed: Only part of a ReadProcessMemory or WriteProcessMemory request was completed. (0x12B)
[0131/210407.543:ERROR:process_memory_win.cc(73)] ReadMemory at 0x1dff47ef0c0 of 132 bytes failed: Only part of a ReadProcessMemory or WriteProcessMemory request was completed. (0x12B)
[0131/210407.543:ERROR:process_memory_win.cc(73)] ReadMemory at 0x1dff47ef1f0 of 132 bytes failed: Only part of a ReadProcessMemory or WriteProcessMemory request was completed. (0x12B)
[0131/210407.543:ERROR:process_memory_win.cc(73)] ReadMemory at 0x1dff47ef450 of 132 bytes failed: Only part of a ReadProcessMemory or WriteProcessMemory request was completed. (0x12B)
[0131/210407.543:ERROR:process_memory_win.cc(73)] ReadMemory at 0x1dff47ef580 of 132 bytes failed: Only part of a ReadProcessMemory or WriteProcessMemory request was completed. (0x12B)
[0131/210407.543:ERROR:process_memory_win.cc(73)] ReadMemory at 0x1dff47ef6b0 of 132 bytes failed: Only part of a ReadProcessMemory or WriteProcessMemory request was completed. (0x12B)
[0131/210407.544:ERROR:process_memory_win.cc(73)] ReadMemory at 0x1dff47ef7e0 of 132 bytes failed: Only part of a ReadProcessMemory or WriteProcessMemory request was completed. (0x12B)
[0131/210407.544:ERROR:process_memory_win.cc(73)] ReadMemory at 0x1dff47ef910 of 132 bytes failed: Only part of a ReadProcessMemory or WriteProcessMemory request was completed. (0x12B)
[0131/210407.545:ERROR:process_memory_win.cc(73)] ReadMemory at 0x1dff47efa40 of 132 bytes failed: Only part of a ReadProcessMemory or WriteProcessMemory request was completed. (0x12B)
[0131/210407.545:ERROR:process_memory_win.cc(73)] ReadMemory at 0x1dff47efb70 of 132 bytes failed: Only part of a ReadProcessMemory or WriteProcessMemory request was completed. (0x12B)
[0131/210407.545:ERROR:process_memory_win.cc(73)] ReadMemory at 0x1dff47efca0 of 132 bytes failed: Only part of a ReadProcessMemory or WriteProcessMemory request was completed. (0x12B)
[0131/210407.547:ERROR:process_memory_win.cc(73)] ReadMemory at 0x1dff47f1de0 of 132 bytes failed: Only part of a ReadProcessMemory or WriteProcessMemory request was completed. (0x12B)
[0131/210407.547:ERROR:process_memory_win.cc(73)] ReadMemory at 0x1dff47f1f10 of 132 bytes failed: Only part of a ReadProcessMemory or WriteProcessMemory request was completed. (0x12B)
[0131/210407.550:ERROR:process_memory_win.cc(73)] ReadMemory at 0x1dff47f2a10 of 132 bytes failed: Only part of a ReadProcessMemory or WriteProcessMemory request was completed. (0x12B)
[0131/210407.551:ERROR:process_memory_win.cc(73)] ReadMemory at 0x1dff47f5040 of 132 bytes failed: Only part of a ReadProcessMemory or WriteProcessMemory request was completed. (0x12B)
[0131/210407.551:ERROR:process_memory_win.cc(73)] ReadMemory at 0x1dff47f5840 of 132 bytes failed: Only part of a ReadProcessMemory or WriteProcessMemory request was completed. (0x12B)
[0131/210407.551:ERROR:process_memory_win.cc(73)] ReadMemory at 0x1dff47f5ab0 of 132 bytes failed: Only part of a ReadProcessMemory or WriteProcessMemory request was completed. (0x12B)
[0131/210407.551:ERROR:process_memory_win.cc(73)] ReadMemory at 0x1dff47f5be0 of 132 bytes failed: Only part of a ReadProcessMemory or WriteProcessMemory request was completed. (0x12B)
[0131/210407.552:ERROR:process_memory_win.cc(73)] ReadMemory at 0x1dff47f5d10 of 132 bytes failed: Only part of a ReadProcessMemory or WriteProcessMemory request was completed. (0x12B)
[0131/210407.552:ERROR:process_memory_win.cc(73)] ReadMemory at 0x1dff47f69e0 of 54 bytes failed: Only part of a ReadProcessMemory or WriteProcessMemory request was completed. (0x12B)
[0131/210407.553:ERROR:process_memory_win.cc(73)] ReadMemory at 0x1dff47f8160 of 132 bytes failed: Only part of a ReadProcessMemory or WriteProcessMemory request was completed. (0x12B)
[0131/210407.553:ERROR:process_memory_win.cc(73)] ReadMemory at 0x1dff47fa890 of 76 bytes failed: Only part of a ReadProcessMemory or WriteProcessMemory request was completed. (0x12B)
[0131/210407.553:ERROR:process_memory_win.cc(73)] ReadMemory at 0x1dff47fb040 of 60 bytes failed: Only part of a ReadProcessMemory or WriteProcessMemory request was completed. (0x12B)
[0131/210407.553:ERROR:process_memory_win.cc(73)] ReadMemory at 0x1dff47fb0e0 of 62 bytes failed: Only part of a ReadProcessMemory or WriteProcessMemory request was completed. (0x12B)
[0131/210407.553:ERROR:process_memory_win.cc(73)] ReadMemory at 0x1dff47fb130 of 62 bytes failed: Only part of a ReadProcessMemory or WriteProcessMemory request was completed. (0x12B)
[0131/210407.554:ERROR:process_memory_win.cc(73)] ReadMemory at 0x1dff47fb1d0 of 64 bytes failed: Only part of a ReadProcessMemory or WriteProcessMemory request was completed. (0x12B)
[0131/210407.554:ERROR:process_memory_win.cc(73)] ReadMemory at 0x1dff47fb2c0 of 66 bytes failed: Only part of a ReadProcessMemory or WriteProcessMemory request was completed. (0x12B)
[0131/210407.554:ERROR:process_memory_win.cc(73)] ReadMemory at 0x1dff47fb310 of 58 bytes failed: Only part of a ReadProcessMemory or WriteProcessMemory request was completed. (0x12B)
[0131/210407.554:ERROR:process_memory_win.cc(73)] ReadMemory at 0x1dff47fb360 of 64 bytes failed: Only part of a ReadProcessMemory or WriteProcessMemory request was completed. (0x12B)
[0131/210407.555:ERROR:process_memory_win.cc(73)] ReadMemory at 0x1dff47fb400 of 64 bytes failed: Only part of a ReadProcessMemory or WriteProcessMemory request was completed. (0x12B)
[0131/210407.555:ERROR:process_memory_win.cc(73)] ReadMemory at 0x1dff47fb4f0 of 62 bytes failed: Only part of a ReadProcessMemory or WriteProcessMemory request was completed. (0x12B)
[0131/210407.555:ERROR:process_memory_win.cc(73)] ReadMemory at 0x1dff47fb630 of 64 bytes failed: Only part of a ReadProcessMemory or WriteProcessMemory request was completed. (0x12B)
[0131/210407.556:ERROR:process_memory_win.cc(73)] ReadMemory at 0x1dff47fb770 of 62 bytes failed: Only part of a ReadProcessMemory or WriteProcessMemory request was completed. (0x12B)
[0131/210407.556:ERROR:process_memory_win.cc(73)] ReadMemory at 0x1dff47fb860 of 62 bytes failed: Only part of a ReadProcessMemory or WriteProcessMemory request was completed. (0x12B)
[0131/210407.556:ERROR:process_memory_win.cc(73)] ReadMemory at 0x1dff47fb900 of 60 bytes failed: Only part of a ReadProcessMemory or WriteProcessMemory request was completed. (0x12B)
[0131/210407.558:ERROR:process_memory_win.cc(73)] ReadMemory at 0x1dff47fbb30 of 60 bytes failed: Only part of a ReadProcessMemory or WriteProcessMemory request was completed. (0x12B)
[0131/210407.558:ERROR:process_memory_win.cc(73)] ReadMemory at 0x1dff47fbbd0 of 62 bytes failed: Only part of a ReadProcessMemory or WriteProcessMemory request was completed. (0x12B)
[0131/210407.558:ERROR:process_memory_win.cc(73)] ReadMemory at 0x1dff47fbc20 of 62 bytes failed: Only part of a ReadProcessMemory or WriteProcessMemory request was completed. (0x12B)
[0131/210407.558:ERROR:process_memory_win.cc(73)] ReadMemory at 0x1dff47fbd10 of 66 bytes failed: Only part of a ReadProcessMemory or WriteProcessMemory request was completed. (0x12B)
[0131/210407.558:ERROR:process_memory_win.cc(73)] ReadMemory at 0x1dff47fbdb0 of 64 bytes failed: Only part of a ReadProcessMemory or WriteProcessMemory request was completed. (0x12B)
[0131/210407.558:ERROR:process_memory_win.cc(73)] ReadMemory at 0x1dff47fbe00 of 60 bytes failed: Only part of a ReadProcessMemory or WriteProcessMemory request was completed. (0x12B)
[0131/210407.558:ERROR:process_memory_win.cc(73)] ReadMemory at 0x1dff47fbe50 of 60 bytes failed: Only part of a ReadProcessMemory or WriteProcessMemory request was completed. (0x12B)
[0131/210407.558:ERROR:process_memory_win.cc(73)] ReadMemory at 0x1dff47fbea0 of 62 bytes failed: Only part of a ReadProcessMemory or WriteProcessMemory request was completed. (0x12B)
[0131/210407.558:ERROR:process_memory_win.cc(73)] ReadMemory at 0x1dff47fbef0 of 60 bytes failed: Only part of a ReadProcessMemory or WriteProcessMemory request was completed. (0x12B)
[0131/210407.559:ERROR:process_memory_win.cc(73)] ReadMemory at 0x1dff47fbfb0 of 132 bytes failed: Only part of a ReadProcessMemory or WriteProcessMemory request was completed. (0x12B)
[0131/210407.559:ERROR:process_memory_win.cc(73)] ReadMemory at 0x1dff47fc210 of 132 bytes failed: Only part of a ReadProcessMemory or WriteProcessMemory request was completed. (0x12B)
[0131/210407.559:ERROR:process_memory_win.cc(73)] ReadMemory at 0x1dff47fc470 of 132 bytes failed: Only part of a ReadProcessMemory or WriteProcessMemory request was completed. (0x12B)
[0131/210407.559:ERROR:process_memory_win.cc(73)] ReadMemory at 0x1dff47fc5a0 of 132 bytes failed: Only part of a ReadProcessMemory or WriteProcessMemory request was completed. (0x12B)
[0131/210407.559:ERROR:process_memory_win.cc(73)] ReadMemory at 0x1dff47fc6d0 of 132 bytes failed: Only part of a ReadProcessMemory or WriteProcessMemory request was completed. (0x12B)
[0131/210407.559:ERROR:process_memory_win.cc(73)] ReadMemory at 0x1dff47fc800 of 132 bytes failed: Only part of a ReadProcessMemory or WriteProcessMemory request was completed. (0x12B)
[0131/210407.559:ERROR:process_memory_win.cc(73)] ReadMemory at 0x1dff47fc930 of 132 bytes failed: Only part of a ReadProcessMemory or WriteProcessMemory request was completed. (0x12B)
[0131/210407.560:ERROR:process_memory_win.cc(73)] ReadMemory at 0x1dff47fccc0 of 132 bytes failed: Only part of a ReadProcessMemory or WriteProcessMemory request was completed. (0x12B)
[0131/210407.560:ERROR:process_memory_win.cc(73)] ReadMemory at 0x1dff47fcdf0 of 132 bytes failed: Only part of a ReadProcessMemory or WriteProcessMemory request was completed. (0x12B)
[0131/210407.560:ERROR:process_memory_win.cc(73)] ReadMemory at 0x1dff47fd180 of 132 bytes failed: Only part of a ReadProcessMemory or WriteProcessMemory request was completed. (0x12B)
[0131/210407.560:ERROR:process_memory_win.cc(73)] ReadMemory at 0x1dff47fd2b0 of 132 bytes failed: Only part of a ReadProcessMemory or WriteProcessMemory request was completed. (0x12B)
[0131/210407.561:ERROR:process_memory_win.cc(73)] ReadMemory at 0x1dff47fd510 of 132 bytes failed: Only part of a ReadProcessMemory or WriteProcessMemory request was completed. (0x12B)
[0131/210407.561:ERROR:process_memory_win.cc(73)] ReadMemory at 0x1dff47fd8a0 of 132 bytes failed: Only part of a ReadProcessMemory or WriteProcessMemory request was completed. (0x12B)
[0131/210407.561:ERROR:process_memory_win.cc(73)] ReadMemory at 0x1dff47fdd60 of 132 bytes failed: Only part of a ReadProcessMemory or WriteProcessMemory request was completed. (0x12B)
[0131/210407.561:ERROR:process_memory_win.cc(73)] ReadMemory at 0x1dff4808670 of 58 bytes failed: Only part of a ReadProcessMemory or WriteProcessMemory request was completed. (0x12B)
[0131/210407.562:ERROR:process_memory_win.cc(73)] ReadMemory at 0x1dff4812020 of 512 bytes failed: Only part of a ReadProcessMemory or WriteProcessMemory request was completed. (0x12B)
[0131/210407.562:ERROR:process_memory_win.cc(73)] ReadMemory at 0x1dff4f13620 of 512 bytes failed: Only part of a ReadProcessMemory or WriteProcessMemory request was completed. (0x12B)
[0131/210407.562:ERROR:process_memory_win.cc(73)] ReadMemory at 0x1dff4f21cb0 of 712 bytes failed: Only part of a ReadProcessMemory or WriteProcessMemory request was completed. (0x12B)
[0131/210407.562:ERROR:process_memory_win.cc(73)] ReadMemory at 0x1dff4f27630 of 512 bytes failed: Only part of a ReadProcessMemory or WriteProcessMemory request was completed. (0x12B)
[0131/210407.562:ERROR:process_memory_win.cc(73)] ReadMemory at 0x1dff6c0e060 of 512 bytes failed: Only part of a ReadProcessMemory or WriteProcessMemory request was completed. (0x12B)
[0131/210407.562:ERROR:process_memory_win.cc(73)] ReadMemory at 0x1dff6c1da48 of 512 bytes failed: Only part of a ReadProcessMemory or WriteProcessMemory request was completed. (0x12B)
[0131/210407.563:ERROR:process_memory_win.cc(73)] ReadMemory at 0x1dff6c1ea08 of 800 bytes failed: Only part of a ReadProcessMemory or WriteProcessMemory request was completed. (0x12B)
[0131/210407.564:ERROR:process_memory_win.cc(73)] ReadMemory at 0x1dff6d5bc10 of 512 bytes failed: Only part of a ReadProcessMemory or WriteProcessMemory request was completed. (0x12B)
[0131/210407.564:ERROR:process_memory_win.cc(73)] ReadMemory at 0x1dff7e7c280 of 512 bytes failed: Only part of a ReadProcessMemory or WriteProcessMemory request was completed. (0x12B)
[0131/210407.564:ERROR:process_memory_win.cc(73)] ReadMemory at 0x1dff7f8b250 of 512 bytes failed: Only part of a ReadProcessMemory or WriteProcessMemory request was completed. (0x12B)
[0131/210407.564:ERROR:process_memory_win.cc(73)] ReadMemory at 0x1dff8033ac0 of 512 bytes failed: Only part of a ReadProcessMemory or WriteProcessMemory request was completed. (0x12B)
[0131/210407.564:ERROR:process_memory_win.cc(73)] ReadMemory at 0x1dff8080c30 of 512 bytes failed: Only part of a ReadProcessMemory or WriteProcessMemory request was completed. (0x12B)
[0131/210407.564:ERROR:process_memory_win.cc(73)] ReadMemory at 0x1dffa451ff0 of 512 bytes failed: Only part of a ReadProcessMemory or WriteProcessMemory request was completed. (0x12B)
[0131/210407.564:ERROR:process_memory_win.cc(73)] ReadMemory at 0x4631fa722b8 of 512 bytes failed: Only part of a ReadProcessMemory or WriteProcessMemory request was completed. (0x12B)
[0131/210407.564:ERROR:process_memory_win.cc(73)] ReadMemory at 0x2b0878c9ca60 of 512 bytes failed: Only part of a ReadProcessMemory or WriteProcessMemory request was completed. (0x12B)
[0131/210407.565:ERROR:process_memory_win.cc(73)] ReadMemory at 0x346a99822f78 of 512 bytes failed: Only part of a ReadProcessMemory or WriteProcessMemory request was completed. (0x12B)
[0131/210407.565:ERROR:process_memory_win.cc(73)] ReadMemory at 0x3a268b7d8a99 of 512 bytes failed: Only part of a ReadProcessMemory or WriteProcessMemory request was completed. (0x12B)
[0131/210407.565:ERROR:process_memory_win.cc(73)] ReadMemory at 0x46e52aea1000 of 440 bytes failed: Only part of a ReadProcessMemory or WriteProcessMemory request was completed. (0x12B)
[0131/210407.565:ERROR:process_memory_win.cc(73)] ReadMemory at 0x46e52aedcaf8 of 512 bytes failed: Only part of a ReadProcessMemory or WriteProcessMemory request was completed. (0x12B)
[0131/210407.565:ERROR:process_memory_win.cc(73)] ReadMemory at 0x4f7652a41a41 of 512 bytes failed: Only part of a ReadProcessMemory or WriteProcessMemory request was completed. (0x12B)
[0131/210407.565:ERROR:process_memory_win.cc(73)] ReadMemory at 0x5956412a0491 of 512 bytes failed: Only part of a ReadProcessMemory or WriteProcessMemory request was completed. (0x12B)
[0131/210407.565:ERROR:process_memory_win.cc(73)] ReadMemory at 0x72b2a7f84f61 of 512 bytes failed: Only part of a ReadProcessMemory or WriteProcessMemory request was completed. (0x12B)
[0131/210407.566:ERROR:process_memory_win.cc(73)] ReadMemory at 0x7beb3689d1a8 of 512 bytes failed: Only part of a ReadProcessMemory or WriteProcessMemory request was completed. (0x12B)
[0131/210407.566:ERROR:process_memory_win.cc(73)] ReadMemory at 0x7ffca473bc7c of 512 bytes failed: Only part of a ReadProcessMemory or WriteProcessMemory request was completed. (0x12B)
[0131/210407.566:ERROR:process_memory_win.cc(73)] ReadMemory at 0x7ffce575580a of 512 bytes failed: Only part of a ReadProcessMemory or WriteProcessMemory request was completed. (0x12B)
[0131/210407.585:ERROR:process_memory_win.cc(73)] ReadMemory at 0x7ffce5756061 of 512 bytes failed: Only part of a ReadProcessMemory or WriteProcessMemory request was completed. (0x12B)
[0131/210407.585:ERROR:process_memory_win.cc(73)] ReadMemory at 0x7ffd19851f80 of 512 bytes failed: Only part of a ReadProcessMemory or WriteProcessMemory request was completed. (0x12B)
[0131/210407.586:ERROR:process_memory_win.cc(73)] ReadMemory at 0x7ffd1a4bc0c4 of 672 bytes failed: Only part of a ReadProcessMemory or WriteProcessMemory request was completed. (0x12B)
[0131/210407.586:ERROR:process_memory_win.cc(73)] ReadMemory at 0x7ffd1a4bf974 of 608 bytes failed: Only part of a ReadProcessMemory or WriteProcessMemory request was completed. (0x12B)
[0131/210407.587:ERROR:process_memory_win.cc(73)] ReadMemory at 0x7ffd1a54c428 of 18 bytes failed: Only part of a ReadProcessMemory or WriteProcessMemory request was completed. (0x12B)
[0131/210407.587:ERROR:process_memory_win.cc(73)] ReadMemory at 0x7ffd1a57f4f8 of 40 bytes failed: Only part of a ReadProcessMemory or WriteProcessMemory request was completed. (0x12B)
[0131/210407.587:ERROR:process_memory_win.cc(73)] ReadMemory at 0x7ffd1a57f978 of 48 bytes failed: Only part of a ReadProcessMemory or WriteProcessMemory request was completed. (0x12B)
[0131/210407.588:ERROR:process_memory_win.cc(73)] ReadMemory at 0x7ffd1a5853c0 of 64 bytes failed: Only part of a ReadProcessMemory or WriteProcessMemory request was completed. (0x12B)
[0131/210407.619:ERROR:scoped_process_suspend.cc(40)] NtResumeProcess: An attempt was made to access an exiting process. (0xc000010a)
